Collecting fosforio
  Downloading fosforio-1.0.2-py3-none-any.whl.metadata (13 kB)
Collecting pandas==2.0.0 (from fosforio)
  Downloading pandas-2.0.0-cp311-cp311-manylinux_2_17_x86_64.manylinux2014_x86_64.whl.metadata (18 kB)
Collecting python-dateutil>=2.8.2 (from pandas==2.0.0->fosforio)
  Using cached python_dateutil-2.9.0.post0-py2.py3-none-any.whl.metadata (8.4 kB)
Collecting pytz>=2020.1 (from pandas==2.0.0->fosforio)
  Using cached pytz-2024.2-py2.py3-none-any.whl.metadata (22 kB)
Collecting tzdata>=2022.1 (from pandas==2.0.0->fosforio)
  Using cached tzdata-2024.2-py2.py3-none-any.whl.metadata (1.4 kB)
Collecting numpy>=1.21.0 (from pandas==2.0.0->fosforio)
  Downloading numpy-2.2.1-cp311-cp311-manylinux_2_17_x86_64.manylinux2014_x86_64.whl.metadata (62 kB)
Collecting six>=1.5 (from python-dateutil>=2.8.2->pandas==2.0.0->fosforio)
  Using cached six-1.17.0-py2.py3-none-any.whl.metadata (1.7 kB)
Downloading fosforio-1.0.2-py3-none-any.whl (20 kB)
Downloading pandas-2.0.0-cp311-cp311-manylinux_2_17_x86_64.manylinux2014_x86_64.whl (12.2 MB)
   ━━━━━━━━━━━━━━━━━━━━━━━━━━━━━━━━━━━━━━━━ 12.2/12.2 MB 80.4 MB/s eta 0:00:00
Downloading numpy-2.2.1-cp311-cp311-manylinux_2_17_x86_64.manylinux2014_x86_64.whl (16.4 MB)
   ━━━━━━━━━━━━━━━━━━━━━━━━━━━━━━━━━━━━━━━━ 16.4/16.4 MB 100.3 MB/s eta 0:00:00
Using cached python_dateutil-2.9.0.post0-py2.py3-none-any.whl (229 kB)
Using cached pytz-2024.2-py2.py3-none-any.whl (508 kB)
Using cached tzdata-2024.2-py2.py3-none-any.whl (346 kB)
Using cached six-1.17.0-py2.py3-none-any.whl (11 kB)
Installing collected packages: pytz, tzdata, six, numpy, python-dateutil, pandas, fosforio
